<?xml version="1.0" encoding="UTF-8"?>
<testng-results skipped="0" failed="0" ignored="0" total="2" passed="2">
  <reporter-output>
  </reporter-output>
  <suite name="Default suite" duration-ms="227" started-at="2017-05-06T21:19:51Z" finished-at="2017-05-06T21:19:52Z">
    <groups>
    </groups>
    <test name="Default test" duration-ms="227" started-at="2017-05-06T21:19:51Z" finished-at="2017-05-06T21:19:52Z">
      <class name="KataHappyTest">
        <test-method status="PASS" signature="happyCheck()[pri:0, instance:KataHappyTest@9629756]" name="happyCheck" duration-ms="193" started-at="2017-05-06T23:19:51Z" finished-at="2017-05-06T23:19:52Z">
          <reporter-output>
          </reporter-output>
        </test-method> <!-- happyCheck -->
        <test-method status="PASS" signature="returnSquareSumOfNumber()[pri:0, instance:KataHappyTest@9629756]" name="returnSquareSumOfNumber" duration-ms="3" started-at="2017-05-06T23:19:52Z" finished-at="2017-05-06T23:19:52Z">
          <reporter-output>
          </reporter-output>
        </test-method> <!-- returnSquareSumOfNumber -->
      </class> <!-- KataHappyTest -->
    </test> <!-- Default test -->
  </suite> <!-- Default suite -->
</testng-results>
